2023-09-25 21:15:25 45195 [INFO] 日志配置文件 '/home/czh/workspace/github/xiangyouzhuanProject/mongo-py/conf/log.ini' 加载成功
2023-09-25 21:28:56 45488 [INFO] 日志配置文件 '/home/czh/workspace/github/xiangyouzhuanProject/mongo-py/conf/log.ini' 加载成功
2023-09-25 21:29:53 45506 [INFO] 日志配置文件 '/home/czh/workspace/github/xiangyouzhuanProject/mongo-py/conf/log.ini' 加载成功
2023-09-25 21:29:53 45506 [INFO] jihaohaoi
2023-09-25 21:38:15 45701 [INFO] 日志配置文件 '/home/czh/workspace/github/xiangyouzhuanProject/mongo-py/conf/log.ini' 加载成功
2023-09-25 21:38:15 45701 [INFO] jihaohaoi
2023-09-25 21:39:36 45724 [INFO] 日志配置文件 'log.ini' 加载成功
2023-09-25 21:39:36 45724 [INFO] jihaohaoi
2023-09-25 21:43:37 45788 [INFO] 日志配置文件 'log.ini' 加载成功
2023-09-25 21:43:37 45788 [INFO] jihaohaoi
2023-09-25 21:43:48 45796 [INFO] 日志配置文件 'log.ini' 加载成功
2023-09-25 21:43:48 45796 [INFO] jihaohaoi
2023-09-25 21:47:02 45862 [INFO] 日志配置文件 'log.ini' 加载成功
2023-09-25 21:47:02 45862 [INFO] jihaohaoi
2023-09-25 21:55:11 46067 [INFO] 日志配置文件 '/home/czh/workspace/github/xiangyouzhuanProject/mongo-py/conf/log.ini' 加载成功
2023-09-25 21:55:11 46067 [INFO] jihaohaoi
2023-09-25 21:55:36 46099 [INFO] 日志配置文件 '/home/czh/workspace/github/xiangyouzhuanProject/mongo-py/conf/log.ini' 加载成功
2023-09-25 21:55:36 46099 [INFO] jihaohaoi
2023-09-25 21:58:27 46151 [INFO] 日志配置文件 '/home/czh/workspace/github/xiangyouzhuanProject/mongo-py/conf/log.ini' 加载成功
2023-09-25 21:58:27 46151 [INFO] jihaohaoi
2023-09-25 21:58:27 46151 [INFO] nihaoya
2023-09-25 22:01:51 46225 [INFO] 日志配置文件 '/home/czh/workspace/github/xiangyouzhuanProject/mongo-py/conf/log.ini' 加载成功
2023-09-25 22:01:51 46225 [INFO] jihaohaoi
2023-09-25 22:03:53 46270 [INFO] 日志配置文件 '/home/czh/workspace/github/xiangyouzhuanProject/mongo-py/conf/log.ini' 加载成功
2023-09-25 22:03:59 46279 [INFO] 日志配置文件 '/home/czh/workspace/github/xiangyouzhuanProject/mongo-py/conf/log.ini' 加载成功
2023-09-25 22:19:06 46551 [INFO] 日志配置文件 '/home/czh/workspace/github/xiangyouzhuanProject/mongo-py/conf/log.ini' 加载成功
2023-09-25 22:21:26 46596 [INFO] 日志配置文件 '/home/czh/workspace/github/xiangyouzhuanProject/mongo-py/conf/log.ini' 加载成功
2023-09-25 22:26:19 46692 [INFO] 日志配置文件 '/home/czh/workspace/github/xiangyouzhuanProject/mongo-py/conf/log.ini' 加载成功
2023-09-25 22:26:19 46692 [INFO] hhhhhh
2023-09-25 22:29:08 46755 [INFO] 日志配置文件 '/home/czh/workspace/github/xiangyouzhuanProject/mongo-py/conf/log.ini' 加载成功
2023-09-25 22:29:47 46786 [INFO] 日志配置文件 '/home/czh/workspace/github/xiangyouzhuanProject/mongo-py/conf/log.ini' 加载成功
2023-09-25 22:29:47 46786 [INFO] hhhhhh
2023-09-25 22:29:47 46786 [INFO] hello
2023-09-25 22:30:24 46818 [INFO] 日志配置文件 '/home/czh/workspace/github/xiangyouzhuanProject/mongo-py/conf/log.ini' 加载成功
2023-09-25 22:30:24 46818 [INFO] hhhhhh
2023-09-25 22:30:24 46818 [INFO] hello
2023-09-25 22:30:24 46818 [INFO] 上传成功
2023-09-25 22:34:08 47225 [INFO] 日志配置文件 '/home/czh/workspace/github/xiangyouzhuanProject/mongo-py/conf/log.ini' 加载成功
2023-09-25 22:34:08 47225 [INFO] hhhhhh
2023-09-25 22:34:08 47225 [INFO] hello
2023-09-25 22:34:08 47225 [INFO] 没有符合条件的文档
2023-09-25 22:34:51 47272 [INFO] 日志配置文件 '/home/czh/workspace/github/xiangyouzhuanProject/mongo-py/conf/log.ini' 加载成功
2023-09-25 22:34:51 47272 [INFO] 没有符合条件的文档
2023-09-25 22:35:41 47296 [INFO] 日志配置文件 '/home/czh/workspace/github/xiangyouzhuanProject/mongo-py/conf/log.ini' 加载成功
2023-09-25 22:35:41 47296 [INFO] delete
2023-09-25 22:35:41 47296 [INFO] 没有符合条件的文档
2023-09-25 22:35:54 47325 [INFO] 日志配置文件 '/home/czh/workspace/github/xiangyouzhuanProject/mongo-py/conf/log.ini' 加载成功
2023-09-25 22:35:54 47325 [INFO] 执行：delete
2023-09-25 22:35:54 47325 [INFO] 没有符合条件的文档
2023-09-25 22:38:33 47471 [INFO] 日志配置文件 '/home/czh/workspace/github/xiangyouzhuanProject/mongo-py/conf/log.ini' 加载成功
2023-09-25 22:38:33 47471 [INFO] 执行：insert
2023-09-25 22:38:33 47471 [INFO] 上传成功
2023-09-25 22:40:40 47629 [INFO] 日志配置文件 '/home/czh/workspace/github/xiangyouzhuanProject/mongo-py/conf/log.ini' 加载成功
2023-09-25 22:40:40 47629 [INFO] 执行：insert
2023-09-25 22:45:27 47733 [INFO] 日志配置文件 '/home/czh/workspace/github/xiangyouzhuanProject/mongo-py/conf/log.ini' 加载成功
2023-09-25 22:48:06 47784 [INFO] 日志配置文件 '/home/czh/workspace/github/xiangyouzhuanProject/mongo-py/conf/log.ini' 加载成功
2023-09-25 22:50:05 47903 [INFO] 日志配置文件 '/home/czh/workspace/github/xiangyouzhuanProject/mongo-py/conf/log.ini' 加载成功
2023-09-25 22:50:05 47903 [INFO] 没有符合条件的文档
2023-09-25 22:50:22 47923 [INFO] 日志配置文件 '/home/czh/workspace/github/xiangyouzhuanProject/mongo-py/conf/log.ini' 加载成功
2023-09-25 22:50:22 47923 [INFO] 更新成功，更新了 4 条符合条件的文档
2023-09-25 22:52:21 47985 [INFO] 日志配置文件 '/home/czh/workspace/github/xiangyouzhuanProject/mongo-py/conf/log.ini' 加载成功
2023-09-25 22:52:21 47985 [INFO] 执行：query
2023-09-25 22:52:31 48001 [INFO] 日志配置文件 '/home/czh/workspace/github/xiangyouzhuanProject/mongo-py/conf/log.ini' 加载成功
2023-09-25 22:52:31 48001 [INFO] 执行：query
2023-09-25 22:52:49 48022 [INFO] 日志配置文件 '/home/czh/workspace/github/xiangyouzhuanProject/mongo-py/conf/log.ini' 加载成功
2023-09-25 22:52:49 48022 [INFO] 执行：query
2023-09-25 22:52:49 48022 [INFO] 查询成功，找到 4 条符合条件的文档
2023-09-25 22:53:11 48043 [INFO] 日志配置文件 '/home/czh/workspace/github/xiangyouzhuanProject/mongo-py/conf/log.ini' 加载成功
2023-09-25 22:53:32 48062 [INFO] 日志配置文件 '/home/czh/workspace/github/xiangyouzhuanProject/mongo-py/conf/log.ini' 加载成功
2023-09-25 22:56:50 48147 [INFO] 日志配置文件 '/home/czh/workspace/github/xiangyouzhuanProject/mongo-py/conf/log.ini' 加载成功
2023-09-25 22:58:00 48184 [INFO] 日志配置文件 '/home/czh/workspace/github/xiangyouzhuanProject/mongo-py/conf/log.ini' 加载成功
2023-09-25 22:58:00 48184 [INFO] 执行：query
2023-09-25 22:58:00 48184 [INFO] 查询成功，找到 4 条符合条件的文档
